#
# There is insufficient memory for the Java Runtime Environment to continue.
# Native memory allocation (malloc) failed to allocate 262160 bytes for Chunk::new
# Possible reasons:
#   The system is out of physical RAM or swap space
#   The process is running with CompressedOops enabled, and the Java Heap may be blocking the growth of the native heap
# Possible solutions:
#   Reduce memory load on the system
#   Increase physical memory or swap space
#   Check if swap backing store is full
#   Decrease Java heap size (-Xmx/-Xms)
#   Decrease number of Java threads
#   Decrease Java thread stack sizes (-Xss)
#   Set larger code cache with -XX:ReservedCodeCacheSize=
#   JVM is running with Unscaled Compressed Oops mode in which the Java heap is
#     placed in the first 4GB address space. The Java Heap base address is the
#     maximum limit for the native heap growth. Please use -XX:HeapBaseMinAddress
#     to set the Java Heap base and to place the Java Heap above 4GB virtual address.
# This output file may be truncated or incomplete.
#
#  Out of Memory Error (allocation.cpp:389), pid=22608, tid=0x00000000000033c4
#
# JRE version: Java(TM) SE Runtime Environment (8.0_401) (build 1.8.0_401-b10)
# Java VM: Java HotSpot(TM) 64-Bit Server VM (25.401-b10 mixed mode windows-amd64 compressed oops)
# Failed to write core dump. Minidumps are not enabled by default on client versions of Windows
#

---------------  T H R E A D  ---------------

Current thread (0x0000020a22b0d000):  JavaThread "C2 CompilerThread1" daemon [_thread_in_native, id=13252, stack(0x000000216d300000,0x000000216d400000)]

Stack: [0x000000216d300000,0x000000216d400000]
Native frames: (J=compiled Java code, j=interpreted, Vv=VM code, C=native code)
V  [jvm.dll+0x3530d9]


Current CompileTask:
C2:   3914 1577   !   4       java.net.URLClassLoader$1::run (81 bytes)


---------------  P R O C E S S  ---------------

Java Threads: ( => current thread )
  0x0000020a22b5a800 JavaThread "Service Thread" daemon [_thread_blocked, id=25780, stack(0x000000216d500000,0x000000216d600000)]
  0x0000020a22b30800 JavaThread "C1 CompilerThread2" daemon [_thread_blocked, id=23328, stack(0x000000216d400000,0x000000216d500000)]
=>0x0000020a22b0d000 JavaThread "C2 CompilerThread1" daemon [_thread_in_native, id=13252, stack(0x000000216d300000,0x000000216d400000)]
  0x0000020a22b0b000 JavaThread "C2 CompilerThread0" daemon [_thread_in_native, id=23732, stack(0x000000216d200000,0x000000216d300000)]
  0x0000020a22b07800 JavaThread "Attach Listener" daemon [_thread_blocked, id=4272, stack(0x000000216d100000,0x000000216d200000)]
  0x0000020a22b06800 JavaThread "Signal Dispatcher" daemon [_thread_blocked, id=10156, stack(0x000000216d000000,0x000000216d100000)]
  0x0000020a0d8ba800 JavaThread "Finalizer" daemon [_thread_blocked, id=14292, stack(0x000000216cf00000,0x000000216d000000)]
  0x0000020a22ae6000 JavaThread "Reference Handler" daemon [_thread_blocked, id=31572, stack(0x000000216ce00000,0x000000216cf00000)]
  0x0000020a0d5b8000 JavaThread "main" [_thread_in_native, id=37252, stack(0x000000216c800000,0x000000216c900000)]

Other Threads:
  0x0000020a22ac3800 VMThread [stack: 0x000000216cd00000,0x000000216ce00000] [id=20020]
  0x0000020a22be0800 WatcherThread [stack: 0x000000216d600000,0x000000216d700000] [id=21880]

VM state:not at safepoint (normal execution)

VM Mutex/Monitor currently owned by a thread: None

heap address: 0x00000000a0e00000, size: 1522 MB, Compressed Oops mode: 32-bit
Narrow klass base: 0x0000000000000000, Narrow klass shift: 3
Compressed class space size: 1073741824 Address: 0x0000000100000000

Heap:
 PSYoungGen      total 28672K, used 4589K [0x00000000e0500000, 0x00000000e3d00000, 0x0000000100000000)
  eden space 24576K, 2% used [0x00000000e0500000,0x00000000e057f658,0x00000000e1d00000)
  from space 4096K, 99% used [0x00000000e1d00000,0x00000000e20fc050,0x00000000e2100000)
  to   space 4096K, 0% used [0x00000000e3900000,0x00000000e3900000,0x00000000e3d00000)
 ParOldGen       total 65536K, used 4439K [0x00000000a0e00000, 0x00000000a4e00000, 0x00000000e0500000)
  object space 65536K, 6% used [0x00000000a0e00000,0x00000000a1255c88,0x00000000a4e00000)
 Metaspace       used 13469K, capacity 13630K, committed 13824K, reserved 1060864K
  class space    used 1684K, capacity 1778K, committed 1792K, reserved 1048576K

Card table byte_map: [0x0000020a1e430000,0x0000020a1e730000] byte_map_base: 0x0000020a1df29000

Marking Bits: (ParMarkBitMap*) 0x00007ffd1f6b5fc0
 Begin Bits: [0x0000020a1e930000, 0x0000020a200f8000)
 End Bits:   [0x0000020a200f8000, 0x0000020a218c0000)

Polling page: 0x0000020a0d770000

CodeCache: size=245760Kb used=5462Kb max_used=5475Kb free=240297Kb
 bounds [0x0000020a0f070000, 0x0000020a0f5d0000, 0x0000020a1e070000]
 total_blobs=1904 nmethods=1575 adapters=242
 compilation: enabled

Compilation events (10 events):
Event: 3.847 Thread 0x0000020a22b30800 1572       3       org.eclipse.sisu.inject.InjectorBindings::publishWildcardMatches (81 bytes)
Event: 3.848 Thread 0x0000020a22b30800 nmethod 1572 0x0000020a0f5c8290 code [0x0000020a0f5c84a0, 0x0000020a0f5c8f40]
Event: 3.848 Thread 0x0000020a22b30800 1573       3       java.util.Hashtable$Enumerator::hasNext (5 bytes)
Event: 3.849 Thread 0x0000020a22b30800 nmethod 1573 0x0000020a0f5c7f10 code [0x0000020a0f5c8080, 0x0000020a0f5c8210]
Event: 3.849 Thread 0x0000020a22b30800 1574       3       java.util.Hashtable$Enumerator::next (27 bytes)
Event: 3.849 Thread 0x0000020a22b30800 nmethod 1574 0x0000020a0f5c7990 code [0x0000020a0f5c7b20, 0x0000020a0f5c7dc0]
Event: 3.875 Thread 0x0000020a22b0d000 1575   !   4       java.util.zip.ZipFile$ZipFileInputStream::close (110 bytes)
Event: 3.878 Thread 0x0000020a22b0b000 1576       4       java.net.URLClassLoader$1::run (5 bytes)
Event: 3.882 Thread 0x0000020a22b0d000 nmethod 1575 0x0000020a0f5cd710 code [0x0000020a0f5cd8a0, 0x0000020a0f5ce148]
Event: 3.882 Thread 0x0000020a22b0d000 1577   !   4       java.net.URLClassLoader$1::run (81 bytes)

GC Heap History (6 events):
Event: 1.893 GC heap before
{Heap before GC invocations=1 (full 0):
 PSYoungGen      total 28672K, used 24576K [0x00000000e0500000, 0x00000000e2500000, 0x0000000100000000)
  eden space 24576K, 100% used [0x00000000e0500000,0x00000000e1d00000,0x00000000e1d00000)
  from space 4096K, 0% used [0x00000000e2100000,0x00000000e2100000,0x00000000e2500000)
  to   space 4096K, 0% used [0x00000000e1d00000,0x00000000e1d00000,0x00000000e2100000)
 ParOldGen       total 65536K, used 0K [0x00000000a0e00000, 0x00000000a4e00000, 0x00000000e0500000)
  object space 65536K, 0% used [0x00000000a0e00000,0x00000000a0e00000,0x00000000a4e00000)
 Metaspace       used 7958K, capacity 8092K, committed 8192K, reserved 1056768K
  class space    used 960K, capacity 1016K, committed 1024K, reserved 1048576K
Event: 1.904 GC heap after
Heap after GC invocations=1 (full 0):
 PSYoungGen      total 28672K, used 4064K [0x00000000e0500000, 0x00000000e2500000, 0x0000000100000000)
  eden space 24576K, 0% used [0x00000000e0500000,0x00000000e0500000,0x00000000e1d00000)
  from space 4096K, 99% used [0x00000000e1d00000,0x00000000e20f8200,0x00000000e2100000)
  to   space 4096K, 0% used [0x00000000e2100000,0x00000000e2100000,0x00000000e2500000)
 ParOldGen       total 65536K, used 728K [0x00000000a0e00000, 0x00000000a4e00000, 0x00000000e0500000)
  object space 65536K, 1% used [0x00000000a0e00000,0x00000000a0eb60e0,0x00000000a4e00000)
 Metaspace       used 7958K, capacity 8092K, committed 8192K, reserved 1056768K
  class space    used 960K, capacity 1016K, committed 1024K, reserved 1048576K
}
Event: 2.882 GC heap before
{Heap before GC invocations=2 (full 0):
 PSYoungGen      total 28672K, used 28640K [0x00000000e0500000, 0x00000000e2500000, 0x0000000100000000)
  eden space 24576K, 100% used [0x00000000e0500000,0x00000000e1d00000,0x00000000e1d00000)
  from space 4096K, 99% used [0x00000000e1d00000,0x00000000e20f8200,0x00000000e2100000)
  to   space 4096K, 0% used [0x00000000e2100000,0x00000000e2100000,0x00000000e2500000)
 ParOldGen       total 65536K, used 728K [0x00000000a0e00000, 0x00000000a4e00000, 0x00000000e0500000)
  object space 65536K, 1% used [0x00000000a0e00000,0x00000000a0eb60e0,0x00000000a4e00000)
 Metaspace       used 10272K, capacity 10398K, committed 10624K, reserved 1058816K
  class space    used 1254K, capacity 1314K, committed 1408K, reserved 1048576K
Event: 2.896 GC heap after
Heap after GC invocations=2 (full 0):
 PSYoungGen      total 28672K, used 4073K [0x00000000e0500000, 0x00000000e2500000, 0x0000000100000000)
  eden space 24576K, 0% used [0x00000000e0500000,0x00000000e0500000,0x00000000e1d00000)
  from space 4096K, 99% used [0x00000000e2100000,0x00000000e24fa498,0x00000000e2500000)
  to   space 4096K, 0% used [0x00000000e1d00000,0x00000000e1d00000,0x00000000e2100000)
 ParOldGen       total 65536K, used 2250K [0x00000000a0e00000, 0x00000000a4e00000, 0x00000000e0500000)
  object space 65536K, 3% used [0x00000000a0e00000,0x00000000a1032ba0,0x00000000a4e00000)
 Metaspace       used 10272K, capacity 10398K, committed 10624K, reserved 1058816K
  class space    used 1254K, capacity 1314K, committed 1408K, reserved 1048576K
}
Event: 3.851 GC heap before
{Heap before GC invocations=3 (full 0):
 PSYoungGen      total 28672K, used 28649K [0x00000000e0500000, 0x00000000e2500000, 0x0000000100000000)
  eden space 24576K, 100% used [0x00000000e0500000,0x00000000e1d00000,0x00000000e1d00000)
  from space 4096K, 99% used [0x00000000e2100000,0x00000000e24fa498,0x00000000e2500000)
  to   space 4096K, 0% used [0x00000000e1d00000,0x00000000e1d00000,0x00000000e2100000)
 ParOldGen       total 65536K, used 2250K [0x00000000a0e00000, 0x00000000a4e00000, 0x00000000e0500000)
  object space 65536K, 3% used [0x00000000a0e00000,0x00000000a1032ba0,0x00000000a4e00000)
 Metaspace       used 13437K, capacity 13630K, committed 13824K, reserved 1060864K
  class space    used 1682K, capacity 1778K, committed 1792K, reserved 1048576K
Event: 3.874 GC heap after
Heap after GC invocations=3 (full 0):
 PSYoungGen      total 28672K, used 4080K [0x00000000e0500000, 0x00000000e3d00000, 0x0000000100000000)
  eden space 24576K, 0% used [0x00000000e0500000,0x00000000e0500000,0x00000000e1d00000)
  from space 4096K, 99% used [0x00000000e1d00000,0x00000000e20fc050,0x00000000e2100000)
  to   space 4096K, 0% used [0x00000000e3900000,0x00000000e3900000,0x00000000e3d00000)
 ParOldGen       total 65536K, used 4439K [0x00000000a0e00000, 0x00000000a4e00000, 0x00000000e0500000)
  object space 65536K, 6% used [0x00000000a0e00000,0x00000000a1255c88,0x00000000a4e00000)
 Metaspace       used 13437K, capacity 13630K, committed 13824K, reserved 1060864K
  class space    used 1682K, capacity 1778K, committed 1792K, reserved 1048576K
}

Deoptimization events (10 events):
Event: 2.145 Thread 0x0000020a0d5b8000 Uncommon trap: reason=unstable_if action=reinterpret pc=0x0000020a0f2f7280 method=java.util.HashMap.getNode(ILjava/lang/Object;)Ljava/util/HashMap$Node; @ 129
Event: 2.145 Thread 0x0000020a0d5b8000 Uncommon trap: reason=unstable_if action=reinterpret pc=0x0000020a0f2f41a4 method=java.util.HashMap.getNode(ILjava/lang/Object;)Ljava/util/HashMap$Node; @ 129
Event: 2.537 Thread 0x0000020a0d5b8000 Uncommon trap: reason=unstable_if action=reinterpret pc=0x0000020a0f276038 method=sun.misc.MetaIndex.mayContain(Ljava/lang/String;)Z @ 38
Event: 3.623 Thread 0x0000020a0d5b8000 Uncommon trap: reason=predicate action=maybe_recompile pc=0x0000020a0f2d9c04 method=sun.net.www.ParseUtil.encodePath(Ljava/lang/String;Z)Ljava/lang/String; @ 36
Event: 3.705 Thread 0x0000020a0d5b8000 Uncommon trap: reason=unstable_if action=reinterpret pc=0x0000020a0f539718 method=java.lang.reflect.Modifier.isSynthetic(I)Z @ 5
Event: 3.725 Thread 0x0000020a0d5b8000 Uncommon trap: reason=class_check action=maybe_recompile pc=0x0000020a0f543e84 method=com.google.inject.TypeLiteral.<init>(Ljava/lang/reflect/Type;)V @ 11
Event: 3.725 Thread 0x0000020a0d5b8000 Uncommon trap: reason=class_check action=maybe_recompile pc=0x0000020a0f543e84 method=com.google.inject.TypeLiteral.<init>(Ljava/lang/reflect/Type;)V @ 11
Event: 3.819 Thread 0x0000020a0d5b8000 Uncommon trap: reason=class_check action=maybe_recompile pc=0x0000020a0f543e84 method=com.google.inject.TypeLiteral.<init>(Ljava/lang/reflect/Type;)V @ 11
Event: 3.819 Thread 0x0000020a0d5b8000 Uncommon trap: reason=class_check action=maybe_recompile pc=0x0000020a0f543e84 method=com.google.inject.TypeLiteral.<init>(Ljava/lang/reflect/Type;)V @ 11
Event: 3.841 Thread 0x0000020a0d5b8000 Uncommon trap: reason=unstable_if action=reinterpret pc=0x0000020a0f58443c method=org.eclipse.sisu.inject.InjectorBindings.isAssignableFrom(Lcom/google/inject/TypeLiteral;Lcom/google/inject/Binding;)Z @ 14

Classes redefined (0 events):
No events

Internal exceptions (10 events):
Event: 0.652 Thread 0x0000020a0d5b8000 Exception <a 'java/lang/NullPointerException'> (0x00000000e086a7c0) thrown at [C:\jenkins\workspace\8-2-build-windows-x64-cygwin-sans-NAS\jdk8u401\683\hotspot\src\share\vm\interpreter\linkResolver.cpp, line 1185]
Event: 0.652 Thread 0x0000020a0d5b8000 Exception <a 'java/lang/NullPointerException'> (0x00000000e086a9c8) thrown at [C:\jenkins\workspace\8-2-build-windows-x64-cygwin-sans-NAS\jdk8u401\683\hotspot\src\share\vm\interpreter\linkResolver.cpp, line 1185]
Event: 0.653 Thread 0x0000020a0d5b8000 Exception <a 'java/lang/NullPointerException'> (0x00000000e08733e8) thrown at [C:\jenkins\workspace\8-2-build-windows-x64-cygwin-sans-NAS\jdk8u401\683\hotspot\src\share\vm\interpreter\linkResolver.cpp, line 1185]
Event: 0.658 Thread 0x0000020a0d5b8000 Exception <a 'java/lang/NullPointerException'> (0x00000000e088c1d8) thrown at [C:\jenkins\workspace\8-2-build-windows-x64-cygwin-sans-NAS\jdk8u401\683\hotspot\src\share\vm\interpreter\linkResolver.cpp, line 1185]
Event: 0.658 Thread 0x0000020a0d5b8000 Exception <a 'java/lang/NullPointerException'> (0x00000000e088c3e0) thrown at [C:\jenkins\workspace\8-2-build-windows-x64-cygwin-sans-NAS\jdk8u401\683\hotspot\src\share\vm\interpreter\linkResolver.cpp, line 1185]
Event: 0.658 Thread 0x0000020a0d5b8000 Exception <a 'java/lang/NullPointerException'> (0x00000000e088c5e8) thrown at [C:\jenkins\workspace\8-2-build-windows-x64-cygwin-sans-NAS\jdk8u401\683\hotspot\src\share\vm\interpreter\linkResolver.cpp, line 1185]
Event: 0.658 Thread 0x0000020a0d5b8000 Exception <a 'java/lang/NullPointerException'> (0x00000000e088c7f0) thrown at [C:\jenkins\workspace\8-2-build-windows-x64-cygwin-sans-NAS\jdk8u401\683\hotspot\src\share\vm\interpreter\linkResolver.cpp, line 1185]
Event: 1.651 Thread 0x0000020a0d5b8000 Exception <a 'java/lang/NoClassDefFoundError': javax/enterprise/inject/Typed> (0x00000000e17a44b0) thrown at [C:\jenkins\workspace\8-2-build-windows-x64-cygwin-sans-NAS\jdk8u401\683\hotspot\src\share\vm\classfile\systemDictionary.cpp, line 202]
Event: 3.621 Thread 0x0000020a0d5b8000 Exception <a 'java/lang/NoClassDefFoundError': com/google/inject/servlet/ServletModuleTargetVisitor> (0x00000000e18a9ae0) thrown at [C:\jenkins\workspace\8-2-build-windows-x64-cygwin-sans-NAS\jdk8u401\683\hotspot\src\share\vm\classfile\systemDictionary.cp
Event: 3.622 Thread 0x0000020a0d5b8000 Exception <a 'java/lang/NoClassDefFoundError'> (0x00000000e18a9ae0) thrown at [C:\jenkins\workspace\8-2-build-windows-x64-cygwin-sans-NAS\jdk8u401\683\hotspot\src\share\vm\prims\jvm.cpp, line 1517]

Events (10 events):
Event: 3.850 loading class org/apache/maven/settings/io/xpp3/SettingsXpp3Reader
Event: 3.850 loading class org/apache/maven/settings/io/xpp3/SettingsXpp3Reader done
Event: 3.850 Executing VM operation: ParallelGCFailedAllocation
Event: 3.874 Executing VM operation: ParallelGCFailedAllocation done
Event: 3.878 loading class org/apache/maven/settings/io/xpp3/SettingsXpp3Reader$ContentTransformer
Event: 3.878 loading class org/apache/maven/settings/io/xpp3/SettingsXpp3Reader$ContentTransformer done
Event: 3.881 loading class org/apache/maven/settings/io/xpp3/SettingsXpp3Reader$1
Event: 3.881 loading class org/apache/maven/settings/io/xpp3/SettingsXpp3Reader$1 done
Event: 3.883 loading class org/codehaus/plexus/util/xml/pull/EntityReplacementMap
Event: 3.883 loading class org/codehaus/plexus/util/xml/pull/EntityReplacementMap done


Dynamic libraries:
0x00007ff7263c0000 - 0x00007ff72640a000 	C:\Program Files\Java\jdk-1.8\bin\java.exe
0x00007ffd442b0000 - 0x00007ffd444c6000 	C:\WINDOWS\SYSTEM32\ntdll.dll
0x00007ffd43120000 - 0x00007ffd431e4000 	C:\WINDOWS\System32\KERNEL32.DLL
0x00007ffd41860000 - 0x00007ffd41c07000 	C:\WINDOWS\System32\KERNELBASE.dll
0x00007ffd43040000 - 0x00007ffd430f2000 	C:\WINDOWS\System32\ADVAPI32.dll
0x00007ffd441c0000 - 0x00007ffd44267000 	C:\WINDOWS\System32\msvcrt.dll
0x00007ffd432e0000 - 0x00007ffd43388000 	C:\WINDOWS\System32\sechost.dll
0x00007ffd416c0000 - 0x00007ffd416e8000 	C:\WINDOWS\System32\bcrypt.dll
0x00007ffd44020000 - 0x00007ffd44135000 	C:\WINDOWS\System32\RPCRT4.dll
0x00007ffd42b00000 - 0x00007ffd42cae000 	C:\WINDOWS\System32\USER32.dll
0x00007ffd41690000 - 0x00007ffd416b6000 	C:\WINDOWS\System32\win32u.dll
0x00007ffd43790000 - 0x00007ffd437b9000 	C:\WINDOWS\System32\GDI32.dll
0x00007ffd41db0000 - 0x00007ffd41ec9000 	C:\WINDOWS\System32\gdi32full.dll
0x00007ffd41ed0000 - 0x00007ffd41f6a000 	C:\WINDOWS\System32\msvcp_win.dll
0x00007ffd41c10000 - 0x00007ffd41d21000 	C:\WINDOWS\System32\ucrtbase.dll
0x00007ffd2c740000 - 0x00007ffd2c9d3000 	C:\WINDOWS\WinSxS\amd64_microsoft.windows.common-controls_6595b64144ccf1df_6.0.22621.3235_none_270f74e173860f98\COMCTL32.dll
0x00007ffd42a30000 - 0x00007ffd42a61000 	C:\WINDOWS\System32\IMM32.DLL
0x00007ffd378a0000 - 0x00007ffd378bb000 	C:\Program Files\Java\jdk-1.8\jre\bin\vcruntime140.dll
0x00007ffd3ceb0000 - 0x00007ffd3cebc000 	C:\Program Files\Java\jdk-1.8\jre\bin\vcruntime140_1.dll
0x00007ffd20630000 - 0x00007ffd206be000 	C:\Program Files\Java\jdk-1.8\jre\bin\msvcp140.dll
0x00007ffd1ee80000 - 0x00007ffd1f730000 	C:\Program Files\Java\jdk-1.8\jre\bin\server\jvm.dll
0x00007ffd42980000 - 0x00007ffd42988000 	C:\WINDOWS\System32\PSAPI.DLL
0x00007ffd1ee70000 - 0x00007ffd1ee79000 	C:\WINDOWS\SYSTEM32\WSOCK32.dll
0x00007ffd43610000 - 0x00007ffd43681000 	C:\WINDOWS\System32\WS2_32.dll
0x00007ffd3ae20000 - 0x00007ffd3ae2a000 	C:\WINDOWS\SYSTEM32\VERSION.dll
0x00007ffd39860000 - 0x00007ffd39894000 	C:\WINDOWS\SYSTEM32\WINMM.dll
0x00007ffd40610000 - 0x00007ffd40628000 	C:\WINDOWS\SYSTEM32\kernel.appcore.dll
0x00007ffd2b630000 - 0x00007ffd2b640000 	C:\Program Files\Java\jdk-1.8\jre\bin\verify.dll
0x00007ffd1ee40000 - 0x00007ffd1ee6b000 	C:\Program Files\Java\jdk-1.8\jre\bin\java.dll
0x00007ffd1ebd0000 - 0x00007ffd1ebe8000 	C:\Program Files\Java\jdk-1.8\jre\bin\zip.dll
0x00007ffd437c0000 - 0x00007ffd4401c000 	C:\WINDOWS\System32\SHELL32.dll
0x00007ffd3f530000 - 0x00007ffd3fe29000 	C:\WINDOWS\SYSTEM32\windows.storage.dll
0x00007ffd42cb0000 - 0x00007ffd43038000 	C:\WINDOWS\System32\combase.dll
0x00007ffd3f3f0000 - 0x00007ffd3f52e000 	C:\WINDOWS\SYSTEM32\wintypes.dll
0x00007ffd42880000 - 0x00007ffd42973000 	C:\WINDOWS\System32\SHCORE.dll
0x00007ffd41fe0000 - 0x00007ffd4203e000 	C:\WINDOWS\System32\shlwapi.dll
0x00007ffd41500000 - 0x00007ffd41521000 	C:\WINDOWS\SYSTEM32\profapi.dll
0x0000000069ac0000 - 0x0000000069ae4000 	C:\Program Files\NetBeans-15\netbeans\java\maven\lib\jansi-native\Windows\x86_64\jansi.dll

VM Arguments:
jvm_args: -Dclassworlds.conf=C:\Program Files\NetBeans-15\netbeans\java\maven\bin\m2.conf -Dmaven.home=C:\Program Files\NetBeans-15\netbeans\java\maven -Dlibrary.jansi.path=C:\Program Files\NetBeans-15\netbeans\java\maven\lib\jansi-native -Dmaven.multiModuleProjectDirectory=C:\Java_Proj\SoveTechProject\Survey 
java_command: org.codehaus.plexus.classworlds.launcher.Launcher -Dmaven.ext.class.path=C:\Program Files\NetBeans-15\netbeans\java\maven-nblib\netbeans-eventspy.jar -Dfile.encoding=UTF-8 clean install
java_class_path (initial): C:\Program Files\NetBeans-15\netbeans\java\maven\boot\plexus-classworlds-2.6.0.jar
Launcher Type: SUN_STANDARD

Environment Variables:
JAVA_HOME=C:\Program Files\Java\jdk-1.8
PATH=C:\Program Files (x86)\Common Files\Oracle\Java\javapath;C:\WINDOWS\system32;C:\WINDOWS;C:\WINDOWS\System32\Wbem;C:\WINDOWS\System32\WindowsPowerShell\v1.0\;C:\WINDOWS\System32\OpenSSH\;C:\Program Files\MEGA11;C:\Program Files (x86)\MEGA11;C:\Program Files\Java\jdk-1.8\bin;C:\Java_Proj\apache-maven-3.9.6-bin\apache-maven-3.9.6\bin;C:\Java_Proj\Git\cmd;C:\Program Files\Amazon\AWSCLIV2\;C:\Users\RONALD\AppData\Local\Microsoft\WindowsApps;C:\Users\RONALD\AppData\Local\Programs\Microsoft VS Code\bin;C:\Java_Proj\mysql-connector-j-8.3.0.jar;
USERNAME=RONALD
OS=Windows_NT
PROCESSOR_IDENTIFIER=AMD64 Family 23 Model 24 Stepping 1, AuthenticAMD



---------------  S Y S T E M  ---------------

OS: Windows 11 , 64 bit Build 22621 (10.0.22621.3374)

CPU:total 4 (initial active 4) (4 cores per cpu, 1 threads per core) family 23 model 24 stepping 1, cmov, cx8, fxsr, mmx, sse, sse2, sse3, ssse3, sse4.1, sse4.2, popcnt, avx, avx2, aes, clmul, mmxext, 3dnowpref, lzcnt, sse4a, tsc, tscinvbit, tscinv, bmi1

Memory: 4k page, physical 6232908k(283768k free), swap 25107276k(356k free)

vm_info: Java HotSpot(TM) 64-Bit Server VM (25.401-b10) for windows-amd64 JRE (1.8.0_401-b10), built on Dec 19 2023 12:38:48 by "java_re" with MS VC++ 17.1 (VS2022)

time: Sat Apr 27 23:07:18 2024
timezone: South Africa Standard Time
elapsed time: 3.919116 seconds (0d 0h 0m 3s)

